{"/Users/Jason_home/sebootcamp/back-end/express_postgres/node-pg_intro/express-biztime/app.js": {"path":"/Users/Jason_home/sebootcamp/back-end/express_postgres/node-pg_intro/express-biztime/app.js","statementMap":{"0":{"start":{"line":3,"column":16},"end":{"line":3,"column":34}},"1":{"start":{"line":4,"column":19},"end":{"line":4,"column":48}},"2":{"start":{"line":5,"column":22},"end":{"line":5,"column":50}},"3":{"start":{"line":6,"column":12},"end":{"line":6,"column":21}},"4":{"start":{"line":7,"column":21},"end":{"line":7,"column":46}},"5":{"start":{"line":9,"column":0},"end":{"line":9,"column":24}},"6":{"start":{"line":10,"column":0},"end":{"line":10,"column":34}},"7":{"start":{"line":11,"column":0},"end":{"line":11,"column":36}},"8":{"start":{"line":14,"column":0},"end":{"line":17,"column":3}},"9":{"start":{"line":15,"column":13},"end":{"line":15,"column":47}},"10":{"start":{"line":16,"column":1},"end":{"line":16,"column":18}},"11":{"start":{"line":21,"column":0},"end":{"line":30,"column":3}},"12":{"start":{"line":22,"column":14},"end":{"line":22,"column":31}},"13":{"start":{"line":24,"column":1},"end":{"line":29,"column":4}},"14":{"start":{"line":32,"column":0},"end":{"line":32,"column":21}}},"fnMap":{"0":{"name":"(anonymous_0)","decl":{"start":{"line":14,"column":8},"end":{"line":14,"column":9}},"loc":{"start":{"line":14,"column":33},"end":{"line":17,"column":1}},"line":14},"1":{"name":"(anonymous_1)","decl":{"start":{"line":21,"column":8},"end":{"line":21,"column":9}},"loc":{"start":{"line":21,"column":33},"end":{"line":30,"column":1}},"line":21}},"branchMap":{"0":{"loc":{"start":{"line":22,"column":14},"end":{"line":22,"column":31}},"type":"binary-expr","locations":[{"start":{"line":22,"column":14},"end":{"line":22,"column":24}},{"start":{"line":22,"column":28},"end":{"line":22,"column":31}}],"line":22}},"s":{"0":2,"1":2,"2":2,"3":2,"4":2,"5":2,"6":2,"7":2,"8":2,"9":0,"10":0,"11":2,"12":6,"13":6,"14":2},"f":{"0":0,"1":6},"b":{"0":[6,0]},"_coverageSchema":"1a1c01bbd47fc00a2c39e90264f33305004495a9","hash":"6a28d03abe765e92317644faea4fe974fa989881"}
,"/Users/Jason_home/sebootcamp/back-end/express_postgres/node-pg_intro/express-biztime/db.js": {"path":"/Users/Jason_home/sebootcamp/back-end/express_postgres/node-pg_intro/express-biztime/db.js","statementMap":{"0":{"start":{"line":3,"column":19},"end":{"line":3,"column":32}},"1":{"start":{"line":7,"column":0},"end":{"line":11,"column":1}},"2":{"start":{"line":8,"column":1},"end":{"line":8,"column":39}},"3":{"start":{"line":10,"column":1},"end":{"line":10,"column":34}},"4":{"start":{"line":13,"column":9},"end":{"line":15,"column":2}},"5":{"start":{"line":17,"column":0},"end":{"line":17,"column":13}},"6":{"start":{"line":19,"column":0},"end":{"line":19,"column":20}}},"fnMap":{},"branchMap":{"0":{"loc":{"start":{"line":7,"column":0},"end":{"line":11,"column":1}},"type":"if","locations":[{"start":{"line":7,"column":0},"end":{"line":11,"column":1}},{"start":{"line":7,"column":0},"end":{"line":11,"column":1}}],"line":7}},"s":{"0":2,"1":2,"2":2,"3":0,"4":2,"5":2,"6":2},"f":{},"b":{"0":[2,0]},"_coverageSchema":"1a1c01bbd47fc00a2c39e90264f33305004495a9","hash":"24eb1c72eb5d5a8ceabda722846e6cb14836904c"}
,"/Users/Jason_home/sebootcamp/back-end/express_postgres/node-pg_intro/express-biztime/expressError.js": {"path":"/Users/Jason_home/sebootcamp/back-end/express_postgres/node-pg_intro/express-biztime/expressError.js","statementMap":{"0":{"start":{"line":9,"column":4},"end":{"line":9,"column":12}},"1":{"start":{"line":10,"column":4},"end":{"line":10,"column":27}},"2":{"start":{"line":11,"column":4},"end":{"line":11,"column":25}},"3":{"start":{"line":12,"column":4},"end":{"line":12,"column":30}},"4":{"start":{"line":17,"column":0},"end":{"line":17,"column":30}}},"fnMap":{"0":{"name":"(anonymous_0)","decl":{"start":{"line":8,"column":2},"end":{"line":8,"column":3}},"loc":{"start":{"line":8,"column":31},"end":{"line":13,"column":3}},"line":8}},"branchMap":{},"s":{"0":6,"1":6,"2":6,"3":6,"4":2},"f":{"0":6},"b":{},"_coverageSchema":"1a1c01bbd47fc00a2c39e90264f33305004495a9","hash":"1714e5112991e9a933faed04d4169d3f91ec6c1d"}
,"/Users/Jason_home/sebootcamp/back-end/express_postgres/node-pg_intro/express-biztime/routes/companies.js": {"path":"/Users/Jason_home/sebootcamp/back-end/express_postgres/node-pg_intro/express-biztime/routes/companies.js","statementMap":{"0":{"start":{"line":1,"column":16},"end":{"line":1,"column":34}},"1":{"start":{"line":2,"column":15},"end":{"line":2,"column":35}},"2":{"start":{"line":3,"column":11},"end":{"line":3,"column":27}},"3":{"start":{"line":4,"column":21},"end":{"line":4,"column":47}},"4":{"start":{"line":6,"column":0},"end":{"line":13,"column":3}},"5":{"start":{"line":7,"column":1},"end":{"line":12,"column":2}},"6":{"start":{"line":8,"column":18},"end":{"line":8,"column":68}},"7":{"start":{"line":9,"column":2},"end":{"line":9,"column":47}},"8":{"start":{"line":11,"column":2},"end":{"line":11,"column":21}},"9":{"start":{"line":15,"column":0},"end":{"line":36,"column":3}},"10":{"start":{"line":16,"column":1},"end":{"line":35,"column":2}},"11":{"start":{"line":17,"column":19},"end":{"line":17,"column":29}},"12":{"start":{"line":18,"column":25},"end":{"line":18,"column":90}},"13":{"start":{"line":19,"column":25},"end":{"line":22,"column":3}},"14":{"start":{"line":23,"column":2},"end":{"line":25,"column":3}},"15":{"start":{"line":24,"column":3},"end":{"line":24,"column":74}},"16":{"start":{"line":26,"column":22},"end":{"line":26,"column":44}},"17":{"start":{"line":27,"column":22},"end":{"line":27,"column":41}},"18":{"start":{"line":28,"column":2},"end":{"line":30,"column":3}},"19":{"start":{"line":29,"column":3},"end":{"line":29,"column":38}},"20":{"start":{"line":32,"column":2},"end":{"line":32,"column":44}},"21":{"start":{"line":34,"column":2},"end":{"line":34,"column":21}},"22":{"start":{"line":38,"column":0},"end":{"line":49,"column":3}},"23":{"start":{"line":39,"column":1},"end":{"line":48,"column":2}},"24":{"start":{"line":40,"column":38},"end":{"line":40,"column":46}},"25":{"start":{"line":41,"column":18},"end":{"line":44,"column":3}},"26":{"start":{"line":45,"column":2},"end":{"line":45,"column":60}},"27":{"start":{"line":47,"column":2},"end":{"line":47,"column":21}},"28":{"start":{"line":51,"column":0},"end":{"line":66,"column":3}},"29":{"start":{"line":52,"column":1},"end":{"line":65,"column":2}},"30":{"start":{"line":53,"column":19},"end":{"line":53,"column":29}},"31":{"start":{"line":54,"column":32},"end":{"line":54,"column":40}},"32":{"start":{"line":55,"column":18},"end":{"line":58,"column":3}},"33":{"start":{"line":59,"column":2},"end":{"line":61,"column":3}},"34":{"start":{"line":60,"column":3},"end":{"line":60,"column":74}},"35":{"start":{"line":62,"column":2},"end":{"line":62,"column":48}},"36":{"start":{"line":64,"column":2},"end":{"line":64,"column":21}},"37":{"start":{"line":68,"column":0},"end":{"line":82,"column":3}},"38":{"start":{"line":69,"column":1},"end":{"line":81,"column":2}},"39":{"start":{"line":70,"column":19},"end":{"line":70,"column":29}},"40":{"start":{"line":71,"column":18},"end":{"line":74,"column":3}},"41":{"start":{"line":75,"column":2},"end":{"line":77,"column":3}},"42":{"start":{"line":76,"column":3},"end":{"line":76,"column":87}},"43":{"start":{"line":78,"column":2},"end":{"line":78,"column":41}},"44":{"start":{"line":80,"column":2},"end":{"line":80,"column":21}},"45":{"start":{"line":84,"column":0},"end":{"line":84,"column":24}}},"fnMap":{"0":{"name":"(anonymous_0)","decl":{"start":{"line":6,"column":16},"end":{"line":6,"column":17}},"loc":{"start":{"line":6,"column":42},"end":{"line":13,"column":1}},"line":6},"1":{"name":"(anonymous_1)","decl":{"start":{"line":15,"column":21},"end":{"line":15,"column":22}},"loc":{"start":{"line":15,"column":47},"end":{"line":36,"column":1}},"line":15},"2":{"name":"(anonymous_2)","decl":{"start":{"line":38,"column":17},"end":{"line":38,"column":18}},"loc":{"start":{"line":38,"column":43},"end":{"line":49,"column":1}},"line":38},"3":{"name":"(anonymous_3)","decl":{"start":{"line":51,"column":21},"end":{"line":51,"column":22}},"loc":{"start":{"line":51,"column":47},"end":{"line":66,"column":1}},"line":51},"4":{"name":"(anonymous_4)","decl":{"start":{"line":68,"column":24},"end":{"line":68,"column":25}},"loc":{"start":{"line":68,"column":50},"end":{"line":82,"column":1}},"line":68}},"branchMap":{"0":{"loc":{"start":{"line":23,"column":2},"end":{"line":25,"column":3}},"type":"if","locations":[{"start":{"line":23,"column":2},"end":{"line":25,"column":3}},{"start":{"line":23,"column":2},"end":{"line":25,"column":3}}],"line":23},"1":{"loc":{"start":{"line":28,"column":2},"end":{"line":30,"column":3}},"type":"if","locations":[{"start":{"line":28,"column":2},"end":{"line":30,"column":3}},{"start":{"line":28,"column":2},"end":{"line":30,"column":3}}],"line":28},"2":{"loc":{"start":{"line":59,"column":2},"end":{"line":61,"column":3}},"type":"if","locations":[{"start":{"line":59,"column":2},"end":{"line":61,"column":3}},{"start":{"line":59,"column":2},"end":{"line":61,"column":3}}],"line":59},"3":{"loc":{"start":{"line":75,"column":2},"end":{"line":77,"column":3}},"type":"if","locations":[{"start":{"line":75,"column":2},"end":{"line":77,"column":3}},{"start":{"line":75,"column":2},"end":{"line":77,"column":3}}],"line":75}},"s":{"0":2,"1":2,"2":2,"3":2,"4":2,"5":1,"6":1,"7":1,"8":0,"9":2,"10":5,"11":5,"12":5,"13":5,"14":5,"15":3,"16":2,"17":2,"18":2,"19":1,"20":2,"21":3,"22":2,"23":1,"24":1,"25":1,"26":1,"27":0,"28":2,"29":1,"30":1,"31":1,"32":1,"33":1,"34":0,"35":1,"36":0,"37":2,"38":1,"39":1,"40":1,"41":1,"42":0,"43":1,"44":0,"45":2},"f":{"0":1,"1":5,"2":1,"3":1,"4":1},"b":{"0":[3,2],"1":[1,1],"2":[0,1],"3":[0,1]},"_coverageSchema":"1a1c01bbd47fc00a2c39e90264f33305004495a9","hash":"0891d99d93779dca6c04ad64cc53157bd0dd32e4"}
,"/Users/Jason_home/sebootcamp/back-end/express_postgres/node-pg_intro/express-biztime/routes/invoices.js": {"path":"/Users/Jason_home/sebootcamp/back-end/express_postgres/node-pg_intro/express-biztime/routes/invoices.js","statementMap":{"0":{"start":{"line":1,"column":16},"end":{"line":1,"column":34}},"1":{"start":{"line":2,"column":15},"end":{"line":2,"column":35}},"2":{"start":{"line":3,"column":11},"end":{"line":3,"column":27}},"3":{"start":{"line":4,"column":21},"end":{"line":4,"column":47}},"4":{"start":{"line":5,"column":21},"end":{"line":5,"column":37}},"5":{"start":{"line":7,"column":0},"end":{"line":14,"column":3}},"6":{"start":{"line":8,"column":1},"end":{"line":13,"column":2}},"7":{"start":{"line":9,"column":18},"end":{"line":9,"column":70}},"8":{"start":{"line":10,"column":2},"end":{"line":10,"column":46}},"9":{"start":{"line":12,"column":2},"end":{"line":12,"column":21}},"10":{"start":{"line":16,"column":0},"end":{"line":43,"column":3}},"11":{"start":{"line":17,"column":1},"end":{"line":42,"column":2}},"12":{"start":{"line":18,"column":17},"end":{"line":18,"column":27}},"13":{"start":{"line":19,"column":18},"end":{"line":22,"column":3}},"14":{"start":{"line":23,"column":2},"end":{"line":25,"column":3}},"15":{"start":{"line":24,"column":3},"end":{"line":24,"column":61}},"16":{"start":{"line":26,"column":22},"end":{"line":26,"column":37}},"17":{"start":{"line":27,"column":22},"end":{"line":38,"column":3}},"18":{"start":{"line":39,"column":2},"end":{"line":39,"column":44}},"19":{"start":{"line":41,"column":2},"end":{"line":41,"column":21}},"20":{"start":{"line":45,"column":0},"end":{"line":56,"column":3}},"21":{"start":{"line":46,"column":1},"end":{"line":55,"column":2}},"22":{"start":{"line":47,"column":29},"end":{"line":47,"column":37}},"23":{"start":{"line":48,"column":18},"end":{"line":51,"column":3}},"24":{"start":{"line":52,"column":2},"end":{"line":52,"column":60}},"25":{"start":{"line":54,"column":2},"end":{"line":54,"column":21}},"26":{"start":{"line":58,"column":0},"end":{"line":73,"column":3}},"27":{"start":{"line":59,"column":1},"end":{"line":72,"column":2}},"28":{"start":{"line":60,"column":17},"end":{"line":60,"column":27}},"29":{"start":{"line":61,"column":18},"end":{"line":61,"column":26}},"30":{"start":{"line":62,"column":18},"end":{"line":65,"column":3}},"31":{"start":{"line":66,"column":2},"end":{"line":68,"column":3}},"32":{"start":{"line":67,"column":3},"end":{"line":67,"column":61}},"33":{"start":{"line":69,"column":2},"end":{"line":69,"column":48}},"34":{"start":{"line":71,"column":2},"end":{"line":71,"column":21}},"35":{"start":{"line":75,"column":0},"end":{"line":89,"column":3}},"36":{"start":{"line":76,"column":1},"end":{"line":88,"column":2}},"37":{"start":{"line":77,"column":17},"end":{"line":77,"column":27}},"38":{"start":{"line":78,"column":18},"end":{"line":81,"column":3}},"39":{"start":{"line":82,"column":2},"end":{"line":84,"column":3}},"40":{"start":{"line":83,"column":3},"end":{"line":83,"column":61}},"41":{"start":{"line":85,"column":2},"end":{"line":85,"column":41}},"42":{"start":{"line":87,"column":2},"end":{"line":87,"column":21}},"43":{"start":{"line":90,"column":0},"end":{"line":90,"column":24}}},"fnMap":{"0":{"name":"(anonymous_0)","decl":{"start":{"line":7,"column":16},"end":{"line":7,"column":17}},"loc":{"start":{"line":7,"column":42},"end":{"line":14,"column":1}},"line":7},"1":{"name":"(anonymous_1)","decl":{"start":{"line":16,"column":19},"end":{"line":16,"column":20}},"loc":{"start":{"line":16,"column":45},"end":{"line":43,"column":1}},"line":16},"2":{"name":"(anonymous_2)","decl":{"start":{"line":45,"column":17},"end":{"line":45,"column":18}},"loc":{"start":{"line":45,"column":43},"end":{"line":56,"column":1}},"line":45},"3":{"name":"(anonymous_3)","decl":{"start":{"line":58,"column":19},"end":{"line":58,"column":20}},"loc":{"start":{"line":58,"column":45},"end":{"line":73,"column":1}},"line":58},"4":{"name":"(anonymous_4)","decl":{"start":{"line":75,"column":22},"end":{"line":75,"column":23}},"loc":{"start":{"line":75,"column":48},"end":{"line":89,"column":1}},"line":75}},"branchMap":{"0":{"loc":{"start":{"line":23,"column":2},"end":{"line":25,"column":3}},"type":"if","locations":[{"start":{"line":23,"column":2},"end":{"line":25,"column":3}},{"start":{"line":23,"column":2},"end":{"line":25,"column":3}}],"line":23},"1":{"loc":{"start":{"line":66,"column":2},"end":{"line":68,"column":3}},"type":"if","locations":[{"start":{"line":66,"column":2},"end":{"line":68,"column":3}},{"start":{"line":66,"column":2},"end":{"line":68,"column":3}}],"line":66},"2":{"loc":{"start":{"line":82,"column":2},"end":{"line":84,"column":3}},"type":"if","locations":[{"start":{"line":82,"column":2},"end":{"line":84,"column":3}},{"start":{"line":82,"column":2},"end":{"line":84,"column":3}}],"line":82}},"s":{"0":2,"1":2,"2":2,"3":2,"4":2,"5":2,"6":1,"7":1,"8":1,"9":0,"10":2,"11":2,"12":2,"13":2,"14":2,"15":1,"16":1,"17":1,"18":1,"19":1,"20":2,"21":1,"22":1,"23":1,"24":1,"25":0,"26":2,"27":3,"28":3,"29":3,"30":3,"31":3,"32":2,"33":1,"34":2,"35":2,"36":1,"37":1,"38":1,"39":1,"40":0,"41":1,"42":0,"43":2},"f":{"0":1,"1":2,"2":1,"3":3,"4":1},"b":{"0":[1,1],"1":[2,1],"2":[0,1]},"_coverageSchema":"1a1c01bbd47fc00a2c39e90264f33305004495a9","hash":"0cff54ed07fbd6e46d7bfa6712f1e325a007b926"}
}
