TN:
SF:app.js
FN:14,(anonymous_0)
FN:21,(anonymous_1)
FNF:2
FNH:1
FNDA:0,(anonymous_0)
FNDA:6,(anonymous_1)
DA:3,2
DA:4,2
DA:5,2
DA:6,2
DA:7,2
DA:9,2
DA:10,2
DA:11,2
DA:14,2
DA:15,0
DA:16,0
DA:21,2
DA:22,6
DA:24,6
DA:32,2
LF:15
LH:13
BRDA:22,0,0,6
BRDA:22,0,1,0
BRF:2
BRH:1
end_of_record
TN:
SF:db.js
FNF:0
FNH:0
DA:3,2
DA:7,2
DA:8,2
DA:10,0
DA:13,2
DA:17,2
DA:19,2
LF:7
LH:6
BRDA:7,0,0,2
BRDA:7,0,1,0
BRF:2
BRH:1
end_of_record
TN:
SF:expressError.js
FN:8,(anonymous_0)
FNF:1
FNH:1
FNDA:6,(anonymous_0)
DA:9,6
DA:10,6
DA:11,6
DA:12,6
DA:17,2
LF:5
LH:5
BRF:0
BRH:0
end_of_record
TN:
SF:routes/companies.js
FN:6,(anonymous_0)
FN:15,(anonymous_1)
FN:38,(anonymous_2)
FN:51,(anonymous_3)
FN:68,(anonymous_4)
FNF:5
FNH:5
FNDA:1,(anonymous_0)
FNDA:5,(anonymous_1)
FNDA:1,(anonymous_2)
FNDA:1,(anonymous_3)
FNDA:1,(anonymous_4)
DA:1,2
DA:2,2
DA:3,2
DA:4,2
DA:6,2
DA:7,1
DA:8,1
DA:9,1
DA:11,0
DA:15,2
DA:16,5
DA:17,5
DA:18,5
DA:19,5
DA:23,5
DA:24,3
DA:26,2
DA:27,2
DA:28,2
DA:29,1
DA:32,2
DA:34,3
DA:38,2
DA:39,1
DA:40,1
DA:41,1
DA:45,1
DA:47,0
DA:51,2
DA:52,1
DA:53,1
DA:54,1
DA:55,1
DA:59,1
DA:60,0
DA:62,1
DA:64,0
DA:68,2
DA:69,1
DA:70,1
DA:71,1
DA:75,1
DA:76,0
DA:78,1
DA:80,0
DA:84,2
LF:46
LH:40
BRDA:23,0,0,3
BRDA:23,0,1,2
BRDA:28,1,0,1
BRDA:28,1,1,1
BRDA:59,2,0,0
BRDA:59,2,1,1
BRDA:75,3,0,0
BRDA:75,3,1,1
BRF:8
BRH:6
end_of_record
TN:
SF:routes/invoices.js
FN:7,(anonymous_0)
FN:16,(anonymous_1)
FN:45,(anonymous_2)
FN:58,(anonymous_3)
FN:75,(anonymous_4)
FNF:5
FNH:5
FNDA:1,(anonymous_0)
FNDA:2,(anonymous_1)
FNDA:1,(anonymous_2)
FNDA:3,(anonymous_3)
FNDA:1,(anonymous_4)
DA:1,2
DA:2,2
DA:3,2
DA:4,2
DA:5,2
DA:7,2
DA:8,1
DA:9,1
DA:10,1
DA:12,0
DA:16,2
DA:17,2
DA:18,2
DA:19,2
DA:23,2
DA:24,1
DA:26,1
DA:27,1
DA:39,1
DA:41,1
DA:45,2
DA:46,1
DA:47,1
DA:48,1
DA:52,1
DA:54,0
DA:58,2
DA:59,3
DA:60,3
DA:61,3
DA:62,3
DA:66,3
DA:67,2
DA:69,1
DA:71,2
DA:75,2
DA:76,1
DA:77,1
DA:78,1
DA:82,1
DA:83,0
DA:85,1
DA:87,0
DA:90,2
LF:44
LH:40
BRDA:23,0,0,1
BRDA:23,0,1,1
BRDA:66,1,0,2
BRDA:66,1,1,1
BRDA:82,2,0,0
BRDA:82,2,1,1
BRF:6
BRH:5
end_of_record
